38485602
101117975
127598001
150489573
152544786
163693569
175451878
200799364
7482096
38485602
101117975
127598001
150489573
152544786
163693569
175451878
200799364
7482096
38485602
101117975
127598001
150489573
152544786
163693569
175451878
200799364
7482096
38485602
101117975
127598001
150489573
152544786
163693569
175451878
200799364
7482096
38485602
101117975
127598001
150489573
152544786
163693569
38485602
101117975
127598001
150489573
152544786
163693569
175451878
200799364
38485602
101117975
127598001
150489573
152544786
163693569
175451878
200799364
38485602
101117975
127598001
150489573
152544786
163693569
175451878
200799364
38485602
101117975
127598001
150489573
152544786
163693569
175451878
200799364
38485602
101117975
127598001
150489573
152544786
163693569
175451878
200799364
38485602
101117975
127598001
150489573
152544786
163693569
38485602
101117975
127598001
150489573
152544786
163693569
175451878
200799364
127598001
200799364
127598001
200799364
